make[1]: Entering directory `/tmp/tkgoodstuff8.0-final/libs'
Installing /usr/bin/tkgwish8.0
make[1]: Leaving directory `/tmp/tkgoodstuff8.0-final/libs'
creating tkgoodstuff.tmp
creating Dialer.tmp
creating Help.tmp
Creating directory /usr/lib/tkgoodstuff
Creating directory /usr/lib/tkgoodstuff/tcl
Installing /usr/lib/tkgoodstuff/tcl/Alarm.tcl
Installing /usr/lib/tkgoodstuff/tcl/Analog.tcl
Installing /usr/lib/tkgoodstuff/tcl/Biff.tcl
Installing /usr/lib/tkgoodstuff/tcl/BiffIMAP.tcl
Installing /usr/lib/tkgoodstuff/tcl/BiffMH.tcl
Installing /usr/lib/tkgoodstuff/tcl/Biffatime.tcl
Installing /usr/lib/tkgoodstuff/tcl/Bifffilesize.tcl
Installing /usr/lib/tkgoodstuff/tcl/Biffinternal.tcl
Installing /usr/lib/tkgoodstuff/tcl/Biffscan.tcl
Installing /usr/lib/tkgoodstuff/tcl/Calc.tcl
Installing /usr/lib/tkgoodstuff/tcl/Chooser.tcl
Installing /usr/lib/tkgoodstuff/tcl/Clock.tcl
Installing /usr/lib/tkgoodstuff/tcl/Dialer.tcl
Installing /usr/lib/tkgoodstuff/tcl/Example.tcl
Installing /usr/lib/tkgoodstuff/tcl/Fvwm.tcl
Installing /usr/lib/tkgoodstuff/tcl/FvwmDebug.tcl
Installing /usr/lib/tkgoodstuff/tcl/Help.tcl
Installing /usr/lib/tkgoodstuff/tcl/Ical-fetch.tcl
Installing /usr/lib/tkgoodstuff/tcl/Ical.tcl
Installing /usr/lib/tkgoodstuff/tcl/Jots.tcl
Installing /usr/lib/tkgoodstuff/tcl/Load.tcl
Installing /usr/lib/tkgoodstuff/tcl/Markets.tcl
Installing /usr/lib/tkgoodstuff/tcl/Menu.tcl
Installing /usr/lib/tkgoodstuff/tcl/Net.tcl
Installing /usr/lib/tkgoodstuff/tcl/Outside.tcl
Installing /usr/lib/tkgoodstuff/tcl/Pager.tcl
Installing /usr/lib/tkgoodstuff/tcl/PopImap.tcl
Installing /usr/lib/tkgoodstuff/tcl/TkMan.tcl
Installing /usr/lib/tkgoodstuff/tcl/WWW.tcl
Installing /usr/lib/tkgoodstuff/tcl/Watch.tcl
Installing /usr/lib/tkgoodstuff/tcl/WatchDog.tcl
Installing /usr/lib/tkgoodstuff/tcl/Webster.tcl
Installing /usr/lib/tkgoodstuff/tcl/WindowList.tcl
Installing /usr/lib/tkgoodstuff/tcl/args.tcl
Installing /usr/lib/tkgoodstuff/tcl/async.tcl
Installing /usr/lib/tkgoodstuff/tcl/balloon.tcl
Installing /usr/lib/tkgoodstuff/tcl/configcommands.tcl
Installing /usr/lib/tkgoodstuff/tcl/defaults.tcl
Installing /usr/lib/tkgoodstuff/tcl/dialogs.tcl
Installing /usr/lib/tkgoodstuff/tcl/elements.tcl
Installing /usr/lib/tkgoodstuff/tcl/english.tcl
Installing /usr/lib/tkgoodstuff/tcl/expect.tcl
Installing /usr/lib/tkgoodstuff/tcl/francais.tcl
Installing /usr/lib/tkgoodstuff/tcl/hlist.tcl
Installing /usr/lib/tkgoodstuff/tcl/inits.tcl
Installing /usr/lib/tkgoodstuff/tcl/international.tcl
Installing /usr/lib/tkgoodstuff/tcl/logging.tcl
Installing /usr/lib/tkgoodstuff/tcl/mainwin.tcl
Installing /usr/lib/tkgoodstuff/tcl/misc.tcl
Installing /usr/lib/tkgoodstuff/tcl/panelgeo.tcl
Installing /usr/lib/tkgoodstuff/tcl/popup.tcl
Installing /usr/lib/tkgoodstuff/tcl/prefs-biff.tcl
Installing /usr/lib/tkgoodstuff/tcl/prefs-browsers.tcl
Installing /usr/lib/tkgoodstuff/tcl/prefs-config.tcl
Installing /usr/lib/tkgoodstuff/tcl/prefs-menu.tcl
Installing /usr/lib/tkgoodstuff/tcl/prefs-watch.tcl
Installing /usr/lib/tkgoodstuff/tcl/prefs-windowlist.tcl
Installing /usr/lib/tkgoodstuff/tcl/prefs.tcl
Installing /usr/lib/tkgoodstuff/tcl/screenedge.tcl
Installing /usr/lib/tkgoodstuff/tcl/sexpr.tcl
Installing /usr/lib/tkgoodstuff/tcl/startup.tcl
Installing /usr/lib/tkgoodstuff/tcl/swallow.tcl
Installing /usr/lib/tkgoodstuff/tcl/tabnotebook.tcl
Installing /usr/lib/tkgoodstuff/tcl/tclIndex
Installing /usr/lib/tkgoodstuff/tcl/tkSteal.tcl
Installing /usr/lib/tkgoodstuff/tcl/tkgbutton.tcl
Installing /usr/lib/tkgoodstuff/tcl/tkgoodstuff.tcl
Installing /usr/lib/tkgoodstuff/tcl/utils.tcl
Installing /usr/lib/tkgoodstuff/tcl/wlpatch
Creating directory /usr/lib/tkgoodstuff/doc
Installing /usr/lib/tkgoodstuff/doc/CHANGES
Installing /usr/lib/tkgoodstuff/doc/Example
Installing /usr/lib/tkgoodstuff/doc/FAQ
Installing /usr/lib/tkgoodstuff/doc/NOTICE
Installing /usr/lib/tkgoodstuff/doc/biff.html
Installing /usr/lib/tkgoodstuff/doc/chooser.html
Installing /usr/lib/tkgoodstuff/doc/clock.html
Installing /usr/lib/tkgoodstuff/doc/dialer.html
Installing /usr/lib/tkgoodstuff/doc/fvwm.html
Installing /usr/lib/tkgoodstuff/doc/ical.html
Installing /usr/lib/tkgoodstuff/doc/icons.html
Installing /usr/lib/tkgoodstuff/doc/index-orig.html
Installing /usr/lib/tkgoodstuff/doc/index.html
Installing /usr/lib/tkgoodstuff/doc/install.html
Installing /usr/lib/tkgoodstuff/doc/jots.html
Installing /usr/lib/tkgoodstuff/doc/load.html
Installing /usr/lib/tkgoodstuff/doc/mailinglists.html
Installing /usr/lib/tkgoodstuff/doc/menu.html
Installing /usr/lib/tkgoodstuff/doc/net.html
Installing /usr/lib/tkgoodstuff/doc/pager.html
Installing /usr/lib/tkgoodstuff/doc/popimap.html
Installing /usr/lib/tkgoodstuff/doc/preferences.html
Installing /usr/lib/tkgoodstuff/doc/running.html
Installing /usr/lib/tkgoodstuff/doc/screenshots.html
Installing /usr/lib/tkgoodstuff/doc/shots.html
Installing /usr/lib/tkgoodstuff/doc/tkgoodstuff.html
Installing /usr/lib/tkgoodstuff/doc/tkman.html
Installing /usr/lib/tkgoodstuff/doc/toc.html
Installing /usr/lib/tkgoodstuff/doc/watch.html
Installing /usr/lib/tkgoodstuff/doc/webster.html
Installing /usr/lib/tkgoodstuff/doc/windowlist.html
Installing /usr/lib/tkgoodstuff/doc/writingclients.html
Installing /usr/lib/tkgoodstuff/doc/www.html
Creating directory /usr/lib/tkgoodstuff/icons
Installing /usr/lib/tkgoodstuff/icons/biffgreen-sm.xpm
Installing /usr/lib/tkgoodstuff/icons/biffgreen.xpm
Installing /usr/lib/tkgoodstuff/icons/biffnew-sm.xpm
Installing /usr/lib/tkgoodstuff/icons/biffnew.xpm
Installing /usr/lib/tkgoodstuff/icons/biffno-sm.xpm
Installing /usr/lib/tkgoodstuff/icons/biffno.xpm
Installing /usr/lib/tkgoodstuff/icons/biffred-sm.xpm
Installing /usr/lib/tkgoodstuff/icons/biffred.xpm
Installing /usr/lib/tkgoodstuff/icons/biffwhite-sm.xpm
Installing /usr/lib/tkgoodstuff/icons/biffwhite.xpm
Installing /usr/lib/tkgoodstuff/icons/biffyellow-sm.xpm
Installing /usr/lib/tkgoodstuff/icons/biffyellow.xpm
Installing /usr/lib/tkgoodstuff/icons/blue_marble.xpm
Installing /usr/lib/tkgoodstuff/icons/browser.xpm
Installing /usr/lib/tkgoodstuff/icons/bullet.xpm
Installing /usr/lib/tkgoodstuff/icons/button.xpm
Installing /usr/lib/tkgoodstuff/icons/calc-sm.xpm
Installing /usr/lib/tkgoodstuff/icons/calc.xpm
Installing /usr/lib/tkgoodstuff/icons/client.xpm
Installing /usr/lib/tkgoodstuff/icons/copyright.info
Installing /usr/lib/tkgoodstuff/icons/dimple.xpm
Installing /usr/lib/tkgoodstuff/icons/editor.xpm
Installing /usr/lib/tkgoodstuff/icons/error
Installing /usr/lib/tkgoodstuff/icons/exec.xpm
Installing /usr/lib/tkgoodstuff/icons/file
Installing /usr/lib/tkgoodstuff/icons/fileempty.xpm
Installing /usr/lib/tkgoodstuff/icons/filefull.xpm
Installing /usr/lib/tkgoodstuff/icons/filegone.xpm
Installing /usr/lib/tkgoodstuff/icons/filer.xpm
Installing /usr/lib/tkgoodstuff/icons/graphic.xpm
Installing /usr/lib/tkgoodstuff/icons/ical-sm.xpm
Installing /usr/lib/tkgoodstuff/icons/ical.xpm
Installing /usr/lib/tkgoodstuff/icons/iconic.xpm
Installing /usr/lib/tkgoodstuff/icons/jots-sm.xpm
Installing /usr/lib/tkgoodstuff/icons/jots.xpm
Installing /usr/lib/tkgoodstuff/icons/labelbox.xpm
Installing /usr/lib/tkgoodstuff/icons/letters
Installing /usr/lib/tkgoodstuff/icons/lightblue_marble.xpm
Installing /usr/lib/tkgoodstuff/icons/mailer.xpm
Installing /usr/lib/tkgoodstuff/icons/manreader.xpm
Installing /usr/lib/tkgoodstuff/icons/menu.xpm
Installing /usr/lib/tkgoodstuff/icons/netdn-sm.xpm
Installing /usr/lib/tkgoodstuff/icons/netdn.xpm
Installing /usr/lib/tkgoodstuff/icons/netscape-sm.xpm
Installing /usr/lib/tkgoodstuff/icons/netscape.xpm
Installing /usr/lib/tkgoodstuff/icons/netup-sm.xpm
Installing /usr/lib/tkgoodstuff/icons/netup.xpm
Installing /usr/lib/tkgoodstuff/icons/netwt-sm.xpm
Installing /usr/lib/tkgoodstuff/icons/netwt.xpm
Installing /usr/lib/tkgoodstuff/icons/news-sm.xpm
Installing /usr/lib/tkgoodstuff/icons/news.xpm
Installing /usr/lib/tkgoodstuff/icons/newsreader.xpm
Installing /usr/lib/tkgoodstuff/icons/panel.xpm
Installing /usr/lib/tkgoodstuff/icons/question
Installing /usr/lib/tkgoodstuff/icons/run.xpm
Installing /usr/lib/tkgoodstuff/icons/separator.xpm
Installing /usr/lib/tkgoodstuff/icons/shell.xpm
Installing /usr/lib/tkgoodstuff/icons/stack.xpm
Installing /usr/lib/tkgoodstuff/icons/swallow.xpm
Installing /usr/lib/tkgoodstuff/icons/tcl.xpm
Installing /usr/lib/tkgoodstuff/icons/telnet-sm.xpm
Installing /usr/lib/tkgoodstuff/icons/telnet.xpm
Installing /usr/lib/tkgoodstuff/icons/tk.xpm
Installing /usr/lib/tkgoodstuff/icons/tkgmenu-sm.xpm
Installing /usr/lib/tkgoodstuff/icons/tkgmenu.xpm
Installing /usr/lib/tkgoodstuff/icons/tkman-sm.xpm
Installing /usr/lib/tkgoodstuff/icons/tkman.xpm
Installing /usr/lib/tkgoodstuff/icons/warning
Installing /usr/lib/tkgoodstuff/icons/watchgreen-sm.xpm
Installing /usr/lib/tkgoodstuff/icons/watchgreen.xpm
Installing /usr/lib/tkgoodstuff/icons/watchred-sm.xpm
Installing /usr/lib/tkgoodstuff/icons/watchred.xpm
Installing /usr/lib/tkgoodstuff/icons/watchunchanged-sm.xpm
Installing /usr/lib/tkgoodstuff/icons/watchunchanged.xpm
Installing /usr/lib/tkgoodstuff/icons/watchwhite-sm.xpm
Installing /usr/lib/tkgoodstuff/icons/watchwhite.xpm
Installing /usr/lib/tkgoodstuff/icons/watchyellow-sm.xpm
Installing /usr/lib/tkgoodstuff/icons/watchyellow.xpm
Installing /usr/lib/tkgoodstuff/icons/weather-sm.xpm
Installing /usr/lib/tkgoodstuff/icons/weather.xpm
Installing /usr/lib/tkgoodstuff/icons/webster-sm.xpm
Installing /usr/lib/tkgoodstuff/icons/webster.xpm
Installing /usr/lib/tkgoodstuff/icons/win.xpm
Installing /usr/lib/tkgoodstuff/icons/www-sm.xpm
Installing /usr/lib/tkgoodstuff/icons/www.xpm
Installing /usr/lib/tkgoodstuff/icons/xlogo-sm.xpm
Installing /usr/lib/tkgoodstuff/icons/xlogo.xpm
Creating directory /usr/lib/tkgoodstuff/sample-rc
Installing /usr/lib/tkgoodstuff/sample-rc/home
Installing /usr/lib/tkgoodstuff/sample-rc/minimal
Installing /usr/lib/tkgoodstuff/sample-rc/stacks
Installing /usr/lib/tkgoodstuff/sample-rc/win95
Installing (and creating) /usr/lib/tkgoodstuff/tcl/tclIndex
Installing /usr/lib/tkgoodstuff/tkgoodstuff
Installing /usr/bin/tkgoodstuff
Installing /usr/lib/tkgoodstuff/Dialer
Installing /usr/bin/Dialer

tkgoodstuff installation completed.

